Numero: 30  #Apariciones: 92
Numero: 7  #Apariciones: 116
Numero: 43  #Apariciones: 93
Numero: 41  #Apariciones: 92
Numero: 37  #Apariciones: 101
Numero: 45  #Apariciones: 103
Numero: 44  #Apariciones: 88
Numero: 33  #Apariciones: 87
Numero: 36  #Apariciones: 110
Numero: 32  #Apariciones: 110
Numero: 17  #Apariciones: 85
Numero: 28  #Apariciones: 94
Numero: 24  #Apariciones: 104
Numero: 18  #Apariciones: 97
Numero: 29  #Apariciones: 116
Numero: 4  #Apariciones: 107
Numero: 26  #Apariciones: 105
Numero: 12  #Apariciones: 94
Numero: 48  #Apariciones: 110
Numero: 10  #Apariciones: 101
Numero: 22  #Apariciones: 89
Numero: 38  #Apariciones: 105
Numero: 34  #Apariciones: 85
Numero: 47  #Apariciones: 88
Numero: 35  #Apariciones: 102
Numero: 8  #Apariciones: 97
Numero: 5  #Apariciones: 122
Numero: 3  #Apariciones: 118
Numero: 27  #Apariciones: 77
Numero: 20  #Apariciones: 90
Numero: 9  #Apariciones: 85
Numero: 46  #Apariciones: 106
Numero: 31  #Apariciones: 86
Numero: 21  #Apariciones: 99
Numero: 15  #Apariciones: 101
Numero: 6  #Apariciones: 103
Numero: 40  #Apariciones: 102
Numero: 16  #Apariciones: 105
Numero: 39  #Apariciones: 91
Numero: 2  #Apariciones: 95
Numero: 42  #Apariciones: 95
Numero: 14  #Apariciones: 99
Numero: 1  #Apariciones: 110
Numero: 11  #Apariciones: 97
Numero: 19  #Apariciones: 112
Numero: 49  #Apariciones: 106
Numero: 13  #Apariciones: 91
Numero: 50  #Apariciones: 100
Numero: 23  #Apariciones: 94
Numero: 25  #Apariciones: 95
