\BOOKMARK [1][-]{section.1}{\376\377\000D\000e\000f\000i\000n\000i\000c\000i\000\363\000n\000\040\000d\000e\000\040\000T\000i\000p\000o\000s}{}% 1
\BOOKMARK [1][-]{section.2}{\376\377\000P\000r\000o\000b\000l\000e\000m\000a\000s}{}% 2
\BOOKMARK [2][-]{subsection.2.1}{\376\377\000P\000a\000r\000t\000e\000\040\000I\000:\000\040\000J\000u\000e\000g\000o\000\040\000b\000\341\000s\000i\000c\000o}{section.2}% 3
\BOOKMARK [3][-]{subsubsection.2.1.1}{\376\377\000E\000j\000e\000r\000c\000i\000c\000i\000o\000\040\0001}{subsection.2.1}% 4
\BOOKMARK [3][-]{subsubsection.2.1.2}{\376\377\000E\000j\000e\000r\000c\000i\000c\000i\000o\000\040\0002}{subsection.2.1}% 5
\BOOKMARK [3][-]{subsubsection.2.1.3}{\376\377\000E\000j\000e\000r\000c\000i\000c\000i\000o\000\040\0003}{subsection.2.1}% 6
\BOOKMARK [3][-]{subsubsection.2.1.4}{\376\377\000E\000j\000e\000r\000c\000i\000c\000i\000o\000\040\0004}{subsection.2.1}% 7
\BOOKMARK [3][-]{subsubsection.2.1.5}{\376\377\000E\000j\000e\000r\000c\000i\000c\000i\000o\000\040\0005}{subsection.2.1}% 8
\BOOKMARK [3][-]{subsubsection.2.1.6}{\376\377\000E\000j\000e\000r\000c\000i\000c\000i\000o\000\040\0006}{subsection.2.1}% 9
\BOOKMARK [2][-]{subsection.2.2}{\376\377\000P\000a\000r\000t\000e\000\040\000I\000I\000:\000\040\000D\000e\000s\000p\000e\000j\000a\000r\000\040\000l\000o\000s\000\040\000v\000a\000c\000\355\000o\000s}{section.2}% 10
\BOOKMARK [3][-]{subsubsection.2.2.1}{\376\377\000E\000j\000e\000r\000c\000i\000c\000i\000o\000\040\0007}{subsection.2.2}% 11
\BOOKMARK [3][-]{subsubsection.2.2.2}{\376\377\000E\000j\000e\000r\000c\000i\000c\000i\000o\000\040\0008}{subsection.2.2}% 12
\BOOKMARK [2][-]{subsection.2.3}{\376\377\000P\000a\000r\000t\000e\000\040\000I\000I\000I\000:\000\040\000J\000u\000g\000a\000d\000o\000r\000\040\000a\000u\000t\000o\000m\000\341\000t\000i\000c\000o}{section.2}% 13
\BOOKMARK [3][-]{subsubsection.2.3.1}{\376\377\000E\000j\000e\000r\000c\000i\000c\000i\000o\000\040\0009}{subsection.2.3}% 14
\BOOKMARK [1][-]{section.3}{\376\377\000F\000u\000n\000c\000i\000o\000n\000e\000s\000\040\000A\000u\000x\000i\000l\000i\000a\000r\000e\000s\000\040\000Y\000\040\000P\000r\000e\000d\000i\000c\000a\000d\000o\000s}{}% 15
\BOOKMARK [2][-]{subsection.3.1}{\376\377\000E\000j\000e\000r\000c\000i\000c\000i\000o\000\040\0001}{section.3}% 16
\BOOKMARK [2][-]{subsection.3.2}{\376\377\000E\000j\000e\000r\000c\000i\000c\000i\000o\000\040\0002}{section.3}% 17
\BOOKMARK [2][-]{subsection.3.3}{\376\377\000E\000j\000e\000r\000c\000i\000c\000i\000o\000\040\0003}{section.3}% 18
\BOOKMARK [2][-]{subsection.3.4}{\376\377\000E\000j\000e\000r\000c\000i\000c\000i\000o\000\040\0004}{section.3}% 19
\BOOKMARK [2][-]{subsection.3.5}{\376\377\000E\000j\000e\000r\000c\000i\000c\000i\000o\000\040\0005}{section.3}% 20
\BOOKMARK [2][-]{subsection.3.6}{\376\377\000E\000j\000e\000r\000c\000i\000c\000i\000o\000\040\0006}{section.3}% 21
\BOOKMARK [2][-]{subsection.3.7}{\376\377\000E\000j\000e\000r\000c\000i\000c\000i\000o\000\040\0007}{section.3}% 22
\BOOKMARK [2][-]{subsection.3.8}{\376\377\000E\000j\000e\000r\000c\000i\000c\000i\000o\000\040\0008}{section.3}% 23
\BOOKMARK [2][-]{subsection.3.9}{\376\377\000E\000j\000e\000r\000c\000i\000c\000i\000o\000\040\0009}{section.3}% 24
